<?xml version="1.0" encoding="UTF-8"?>
<!-- Generated by org.testng.reporters.JUnitReportReporter -->
<testsuite hostname="HYD-LW-21-0919" failures="0" tests="1" name="appiumBasics.MisleaniusAppiumBasics" time="10.143" errors="0" timestamp="2024-05-02T19:36:59 IST" skipped="0">
  <testcase classname="appiumBasics.MisleaniusAppiumBasics" name="Misleanius" time="10.143"/>
</testsuite> <!-- appiumBasics.MisleaniusAppiumBasics -->
