<?xml version="1.0" encoding="UTF-8"?>
<!-- Generated by org.testng.reporters.JUnitReportReporter -->
<testsuite hostname="HYD-LW-21-0919" failures="0" tests="1" name="appiumBasics.AppiumBasics1" time="7.372" errors="0" timestamp="2024-05-02T09:34:39 IST" skipped="0">
  <testcase classname="appiumBasics.AppiumBasics1" name="AppiumTest" time="7.372"/>
</testsuite> <!-- appiumBasics.AppiumBasics1 -->
