<?xml version="1.0" encoding="UTF-8"?>
<!-- Generated by org.testng.reporters.JUnitReportReporter -->
<testsuite hostname="HYD-LW-21-0919" failures="0" tests="1" name="appiumBasics.Scrollable" time="11.792" errors="0" timestamp="2024-05-02T14:41:12 IST" skipped="0">
  <testcase classname="appiumBasics.Scrollable" name="AppiumTest" time="11.792"/>
</testsuite> <!-- appiumBasics.Scrollable -->
