<?xml version="1.0" encoding="UTF-8"?>
<!-- Generated by org.testng.reporters.JUnitReportReporter -->
<testsuite hostname="HYD-LW-21-0919" failures="0" tests="1" name="appiumBasics.eCommerce_tc_3" time="16.510" errors="0" timestamp="2024-05-16T15:41:55 IST" skipped="0">
  <testcase classname="appiumBasics.eCommerce_tc_3" name="FillForm" time="16.510"/>
</testsuite> <!-- appiumBasics.eCommerce_tc_3 -->
