<?xml version="1.0" encoding="UTF-8"?>
<!-- Generated by org.testng.reporters.JUnitReportReporter -->
<testsuite hostname="HYD-LW-21-0919" failures="0" tests="1" name="appiumBasics.DragDropDemo" time="7.931" errors="0" timestamp="2024-05-02T18:25:03 IST" skipped="0">
  <testcase classname="appiumBasics.DragDropDemo" name="AppiumTest" time="7.931"/>
</testsuite> <!-- appiumBasics.DragDropDemo -->
