<?xml version="1.0" encoding="UTF-8"?>
<!-- Generated by org.testng.reporters.JUnitReportReporter -->
<testsuite hostname="HYD-LW-21-0919" failures="0" tests="1" name="appiumBasics.eCommerce_tc_2" time="30.021" errors="0" timestamp="2024-05-09T15:19:38 IST" skipped="0">
  <testcase classname="appiumBasics.eCommerce_tc_2" name="FillForm" time="30.021"/>
</testsuite> <!-- appiumBasics.eCommerce_tc_2 -->
